**
* CAMERA CONFIGURATION
* Camera info:        camera              = tis_1
*                     make                = The Imaging Source
*                     model               = DMM 42BUC03-ML
*                     device              = /dev/v4l/by-id/usb-The_Imaging_Source_Europe_GmbH_DMM_42BUC03-ML_47710685-video-index0
*                     config file         = ../camera/tis_1/config/config4.cfg
* Lens info:          focal length        = X
* v4l2-ctl settings:  brightness          = 12
*                     gain                = 36
*                     exposure_absolute   = 2
*                     privacy             = 0
**
**
* CAMERA CONFIGURATION
* Camera info:        camera              = tis_1
*                     make                = The Imaging Source
*                     model               = DMM 42BUC03-ML
*                     device              = /dev/v4l/by-id/usb-The_Imaging_Source_Europe_GmbH_DMM_42BUC03-ML_47710675-video-index0
*                     config file         = ../camera/tis_1/config/config4.cfg
* Lens info:          focal length        = X
* v4l2-ctl settings:  brightness          = 12
*                     gain                = 36
*                     exposure_absolute   = 2
*                     privacy             = 0
**
**
* CAMERA CONFIGURATION
* Camera info:        camera              = tis_1
*                     make                = The Imaging Source
*                     model               = DMM 42BUC03-ML
*                     device              = /dev/v4l/by-id/usb-The_Imaging_Source_Europe_GmbH_DMM_42BUC03-ML_47710674-video-index0
*                     config file         = ../camera/tis_1/config/config4.cfg
* Lens info:          focal length        = X
* v4l2-ctl settings:  brightness          = 12
*                     gain                = 36
*                     exposure_absolute   = 2
*                     privacy             = 0
**
**
* CAMERA CONFIGURATION
* Camera info:        camera              = tis_1
*                     make                = The Imaging Source
*                     model               = DMM 42BUC03-ML
*                     device              = /dev/v4l/by-id/usb-The_Imaging_Source_Europe_GmbH_DMM_42BUC03-ML_47610022-video-index0
*                     config file         = ../camera/tis_1/config/config4.cfg
* Lens info:          focal length        = X
* v4l2-ctl settings:  brightness          = 12
*                     gain                = 36
*                     exposure_absolute   = 2
*                     privacy             = 0
**
**
* CAMERA CONFIGURATION
* Camera info:        camera              = tis_1
*                     make                = The Imaging Source
*                     model               = DMM 42BUC03-ML
*                     device              = /dev/v4l/by-id/usb-The_Imaging_Source_Europe_GmbH_DMM_42BUC03-ML_47710673-video-index0
*                     config file         = ../camera/tis_1/config/config4.cfg
* Lens info:          focal length        = X
* v4l2-ctl settings:  brightness          = 12
*                     gain                = 36
*                     exposure_absolute   = 2
*                     privacy             = 0
**
